  [1m[35m (0.2ms)[0m  [1m[35mCREATE DATABASE "event_brite_development" ENCODING = 'unicode'[0m
  ↳ bin/rails:9
  [1m[35m (0.2ms)[0m  [1m[35mCREATE DATABASE "event_brite_test" ENCODING = 'unicode'[0m
  ↳ bin/rails:9
  [1m[35m (1.0ms)[0m  [1m[34mSELECT "schema_migrations"."version" FROM "schema_migrations" ORDER BY "schema_migrations"."version" ASC[0m
  ↳ bin/rails:9
  [1m[35m (0.2ms)[0m  [1m[34mSELECT "schema_migrations"."version" FROM "schema_migrations" ORDER BY "schema_migrations"."version" ASC[0m
  ↳ bin/rails:9
  [1m[35m (0.6ms)[0m  [1m[34mSELECT "ar_internal_metadata"."value" FROM "ar_internal_metadata" WHERE "ar_internal_metadata"."key" = $1[0m  [["key", "environment"]]
  ↳ bin/rails:9
  [1m[35m (0.1ms)[0m  [1m[34mSELECT "schema_migrations"."version" FROM "schema_migrations" ORDER BY "schema_migrations"."version" ASC[0m
  ↳ bin/rails:9
  [1m[35m (0.1ms)[0m  [1m[34mSELECT "ar_internal_metadata"."value" FROM "ar_internal_metadata" WHERE "ar_internal_metadata"."key" = $1[0m  [["key", "environment"]]
  ↳ bin/rails:9
  [1m[35m (0.1ms)[0m  [1m[34mSELECT "schema_migrations"."version" FROM "schema_migrations" ORDER BY "schema_migrations"."version" ASC[0m
  ↳ bin/rails:9
  [1m[35m (0.1ms)[0m  [1m[34mSELECT "ar_internal_metadata"."value" FROM "ar_internal_metadata" WHERE "ar_internal_metadata"."key" = $1[0m  [["key", "environment"]]
  ↳ bin/rails:9
  [1m[35m (23.4ms)[0m  [1m[35mDROP DATABASE IF EXISTS "event_brite_development"[0m
  ↳ bin/rails:9
  [1m[35m (16.3ms)[0m  [1m[35mDROP DATABASE IF EXISTS "event_brite_test"[0m
  ↳ bin/rails:9
  [1m[35m (56.2ms)[0m  [1m[35mCREATE DATABASE "event_brite_development" ENCODING = 'unicode'[0m
  ↳ bin/rails:9
  [1m[35m (54.3ms)[0m  [1m[35mCREATE DATABASE "event_brite_test" ENCODING = 'unicode'[0m
  ↳ bin/rails:9
  [1m[35mSQL (0.1ms)[0m  [1m[35mCREATE EXTENSION IF NOT EXISTS "plpgsql"[0m
  ↳ db/schema.rb:16
  [1m[35m (0.1ms)[0m  [1m[35mDROP TABLE IF EXISTS "attendances" CASCADE[0m
  ↳ db/schema.rb:18
  [1m[35m (6.8ms)[0m  [1m[35mCREATE TABLE "attendances" ("id" bigserial primary key, "attendee_id" bigint, "event_id" bigint, "stripe_customer_id" character varying, "created_at" timestamp NOT NULL, "updated_at" timestamp NOT NULL)[0m
  ↳ db/schema.rb:18
  [1m[35m (2.6ms)[0m  [1m[35mCREATE  INDEX  "index_attendances_on_attendee_id" ON "attendances"  ("attendee_id")[0m
  ↳ db/schema.rb:18
  [1m[35m (2.5ms)[0m  [1m[35mCREATE  INDEX  "index_attendances_on_event_id" ON "attendances"  ("event_id")[0m
  ↳ db/schema.rb:18
  [1m[35m (0.1ms)[0m  [1m[35mDROP TABLE IF EXISTS "events" CASCADE[0m
  ↳ db/schema.rb:28
  [1m[35m (5.1ms)[0m  [1m[35mCREATE TABLE "events" ("id" bigserial primary key, "start_date" timestamp, "duration" integer, "title" character varying, "description" text, "price" integer, "location" character varying, "admin_id" bigint, "created_at" timestamp NOT NULL, "updated_at" timestamp NOT NULL)[0m
  ↳ db/schema.rb:28
  [1m[35m (2.5ms)[0m  [1m[35mCREATE  INDEX  "index_events_on_admin_id" ON "events"  ("admin_id")[0m
  ↳ db/schema.rb:28
  [1m[35m (0.0ms)[0m  [1m[35mDROP TABLE IF EXISTS "users" CASCADE[0m
  ↳ db/schema.rb:41
  [1m[35m (4.9ms)[0m  [1m[35mCREATE TABLE "users" ("id" bigserial primary key, "email" character varying DEFAULT '' NOT NULL, "encrypted_password" character varying DEFAULT '' NOT NULL, "description" text, "first_name" character varying, "last_name" character varying, "created_at" timestamp NOT NULL, "updated_at" timestamp NOT NULL)[0m
  ↳ db/schema.rb:41
  [1m[35m (4.7ms)[0m  [1m[35mCREATE TABLE "schema_migrations" ("version" character varying NOT NULL PRIMARY KEY)[0m
  ↳ db/schema.rb:13
  [1m[35m (0.2ms)[0m  [1m[34mSELECT "schema_migrations"."version" FROM "schema_migrations" ORDER BY "schema_migrations"."version" ASC[0m
  ↳ db/schema.rb:13
  [1m[35m (0.8ms)[0m  [1m[32mINSERT INTO "schema_migrations" (version) VALUES (20220516093511)[0m
  ↳ db/schema.rb:13
  [1m[35m (0.7ms)[0m  [1m[32mINSERT INTO "schema_migrations" (version) VALUES
(20220516093447),
(20220516093407);

[0m
  ↳ db/schema.rb:13
  [1m[35m (4.7ms)[0m  [1m[35mCREATE TABLE "ar_internal_metadata" ("key" character varying NOT NULL PRIMARY KEY, "value" character varying, "created_at" timestamp NOT NULL, "updated_at" timestamp NOT NULL)[0m
  ↳ db/schema.rb:13
  [1m[36mActiveRecord::InternalMetadata Load (0.1ms)[0m  [1m[34mSELECT  "ar_internal_metadata".* FROM "ar_internal_metadata" WHERE "ar_internal_metadata"."key" = $1 LIMIT $2[0m  [["key", "environment"], ["LIMIT", 1]]
  ↳ db/schema.rb:13
  [1m[35m (0.0ms)[0m  [1m[35mBEGIN[0m
  ↳ db/schema.rb:13
  [1m[36mActiveRecord::InternalMetadata Create (0.1ms)[0m  [1m[32mINSERT INTO "ar_internal_metadata" ("key", "value", "created_at", "updated_at") VALUES ($1, $2, $3, $4) RETURNING "key"[0m  [["key", "environment"], ["value", "development"], ["created_at", "2022-05-17 08:15:18.709260"], ["updated_at", "2022-05-17 08:15:18.709260"]]
  ↳ db/schema.rb:13
  [1m[35m (0.7ms)[0m  [1m[35mCOMMIT[0m
  ↳ db/schema.rb:13
  [1m[36mActiveRecord::InternalMetadata Load (0.1ms)[0m  [1m[34mSELECT  "ar_internal_metadata".* FROM "ar_internal_metadata" WHERE "ar_internal_metadata"."key" = $1 LIMIT $2[0m  [["key", "environment"], ["LIMIT", 1]]
  ↳ bin/rails:9
  [1m[35m (0.0ms)[0m  [1m[35mBEGIN[0m
  ↳ bin/rails:9
  [1m[35m (0.0ms)[0m  [1m[35mCOMMIT[0m
  ↳ bin/rails:9
  [1m[35mSQL (0.1ms)[0m  [1m[35mCREATE EXTENSION IF NOT EXISTS "plpgsql"[0m
  ↳ db/schema.rb:16
  [1m[35m (0.1ms)[0m  [1m[35mDROP TABLE IF EXISTS "attendances" CASCADE[0m
  ↳ db/schema.rb:18
  [1m[35m (6.7ms)[0m  [1m[35mCREATE TABLE "attendances" ("id" bigserial primary key, "attendee_id" bigint, "event_id" bigint, "stripe_customer_id" character varying, "created_at" timestamp NOT NULL, "updated_at" timestamp NOT NULL)[0m
  ↳ db/schema.rb:18
  [1m[35m (2.6ms)[0m  [1m[35mCREATE  INDEX  "index_attendances_on_attendee_id" ON "attendances"  ("attendee_id")[0m
  ↳ db/schema.rb:18
  [1m[35m (2.4ms)[0m  [1m[35mCREATE  INDEX  "index_attendances_on_event_id" ON "attendances"  ("event_id")[0m
  ↳ db/schema.rb:18
  [1m[35m (0.1ms)[0m  [1m[35mDROP TABLE IF EXISTS "events" CASCADE[0m
  ↳ db/schema.rb:28
  [1m[35m (5.1ms)[0m  [1m[35mCREATE TABLE "events" ("id" bigserial primary key, "start_date" timestamp, "duration" integer, "title" character varying, "description" text, "price" integer, "location" character varying, "admin_id" bigint, "created_at" timestamp NOT NULL, "updated_at" timestamp NOT NULL)[0m
  ↳ db/schema.rb:28
  [1m[35m (2.5ms)[0m  [1m[35mCREATE  INDEX  "index_events_on_admin_id" ON "events"  ("admin_id")[0m
  ↳ db/schema.rb:28
  [1m[35m (0.1ms)[0m  [1m[35mDROP TABLE IF EXISTS "users" CASCADE[0m
  ↳ db/schema.rb:41
  [1m[35m (5.6ms)[0m  [1m[35mCREATE TABLE "users" ("id" bigserial primary key, "email" character varying DEFAULT '' NOT NULL, "encrypted_password" character varying DEFAULT '' NOT NULL, "description" text, "first_name" character varying, "last_name" character varying, "created_at" timestamp NOT NULL, "updated_at" timestamp NOT NULL)[0m
  ↳ db/schema.rb:41
  [1m[35m (4.8ms)[0m  [1m[35mCREATE TABLE "schema_migrations" ("version" character varying NOT NULL PRIMARY KEY)[0m
  ↳ db/schema.rb:13
  [1m[35m (0.2ms)[0m  [1m[34mSELECT "schema_migrations"."version" FROM "schema_migrations" ORDER BY "schema_migrations"."version" ASC[0m
  ↳ db/schema.rb:13
  [1m[35m (0.8ms)[0m  [1m[32mINSERT INTO "schema_migrations" (version) VALUES (20220516093511)[0m
  ↳ db/schema.rb:13
  [1m[35m (0.7ms)[0m  [1m[32mINSERT INTO "schema_migrations" (version) VALUES
(20220516093447),
(20220516093407);

[0m
  ↳ db/schema.rb:13
  [1m[35m (4.8ms)[0m  [1m[35mCREATE TABLE "ar_internal_metadata" ("key" character varying NOT NULL PRIMARY KEY, "value" character varying, "created_at" timestamp NOT NULL, "updated_at" timestamp NOT NULL)[0m
  ↳ db/schema.rb:13
  [1m[36mActiveRecord::InternalMetadata Load (0.1ms)[0m  [1m[34mSELECT  "ar_internal_metadata".* FROM "ar_internal_metadata" WHERE "ar_internal_metadata"."key" = $1 LIMIT $2[0m  [["key", "environment"], ["LIMIT", 1]]
  ↳ db/schema.rb:13
  [1m[35m (0.0ms)[0m  [1m[35mBEGIN[0m
  ↳ db/schema.rb:13
  [1m[36mActiveRecord::InternalMetadata Create (0.1ms)[0m  [1m[32mINSERT INTO "ar_internal_metadata" ("key", "value", "created_at", "updated_at") VALUES ($1, $2, $3, $4) RETURNING "key"[0m  [["key", "environment"], ["value", "development"], ["created_at", "2022-05-17 08:15:18.763924"], ["updated_at", "2022-05-17 08:15:18.763924"]]
  ↳ db/schema.rb:13
  [1m[35m (0.7ms)[0m  [1m[35mCOMMIT[0m
  ↳ db/schema.rb:13
  [1m[36mActiveRecord::InternalMetadata Load (0.1ms)[0m  [1m[34mSELECT  "ar_internal_metadata".* FROM "ar_internal_metadata" WHERE "ar_internal_metadata"."key" = $1 LIMIT $2[0m  [["key", "environment"], ["LIMIT", 1]]
  ↳ bin/rails:9
  [1m[35m (0.0ms)[0m  [1m[35mBEGIN[0m
  ↳ bin/rails:9
  [1m[36mActiveRecord::InternalMetadata Update (0.1ms)[0m  [1m[33mUPDATE "ar_internal_metadata" SET "value" = $1, "updated_at" = $2 WHERE "ar_internal_metadata"."key" = $3[0m  [["value", "test"], ["updated_at", "2022-05-17 08:15:18.766528"], ["key", "environment"]]
  ↳ bin/rails:9
  [1m[35m (0.7ms)[0m  [1m[35mCOMMIT[0m
  ↳ bin/rails:9
  [1m[35m (0.4ms)[0m  [1m[34mSELECT "schema_migrations"."version" FROM "schema_migrations" ORDER BY "schema_migrations"."version" ASC[0m
  ↳ bin/rails:9
  [1m[36mAttendance Load (0.4ms)[0m  [1m[34mSELECT "attendances".* FROM "attendances"[0m
  ↳ db/seeds.rb:9
  [1m[36mEvent Load (0.2ms)[0m  [1m[34mSELECT "events".* FROM "events"[0m
  ↳ db/seeds.rb:10
  [1m[36mUser Load (0.3ms)[0m  [1m[34mSELECT "users".* FROM "users"[0m
  ↳ db/seeds.rb:11
  [1m[35m (0.1ms)[0m  [1m[35mBEGIN[0m
  ↳ db/seeds.rb:15
  [1m[36mUser Create (0.2ms)[0m  [1m[32mINSERT INTO "users" ("email", "description", "first_name", "last_name", "created_at", "updated_at") VALUES ($1, $2, $3, $4, $5, $6) RETURNING "id"[0m  [["email", "nico-events-project@yopmail.com"], ["description", "Cet utilisateur a la description suivante: Generated description #63088"], ["first_name", "Luetta"], ["last_name", "Pollich"], ["created_at", "2022-05-17 08:15:19.792855"], ["updated_at", "2022-05-17 08:15:19.792855"]]
  ↳ db/seeds.rb:15
  Rendering user_mailer/welcome_email.html.erb within layouts/mailer
  Rendered user_mailer/welcome_email.html.erb within layouts/mailer (0.7ms)
  Rendering user_mailer/welcome_email.text.erb within layouts/mailer
  Rendered user_mailer/welcome_email.text.erb within layouts/mailer (0.1ms)
UserMailer#welcome_email: processed outbound mail in 669.5ms
Sent mail to nico-events-project@yopmail.com (54.3ms)
Date: Tue, 17 May 2022 10:15:20 +0200
From: n.cubilier@gmail.com
To: nico-events-project@yopmail.com
Message-ID: <6283599872b7e_42d6ebdc747ac@kubitus-PCmaison.mail>
Subject: Bienvenue chez nous !
Mime-Version: 1.0
Content-Type: multipart/alternative;
 boundary="--==_mimepart_62835998715e2_42d6ebdc746f9";
 charset=UTF-8
Content-Transfer-Encoding: 7bit


----==_mimepart_62835998715e2_42d6ebdc746f9
Content-Type: text/plain;
 charset=UTF-8
Content-Transfer-Encoding: base64

U2FsdXQgTHVldHRhIGV0IGJpZW52ZW51ZSBjaGV6IG5vdXMgIQ0KPT09PT09
PT09PT09PT09PT09PT09PT09PT09PT09PT09PT09PT09PT09PT09PT09PT09
PT09PT09PQ0KIA0KVHUgdCdlcyBpbnNjcml0IHN1ciBldmVudGJyaXRlaGcg
ZW4gdXRpbGlzYW50IGwnZS1tYWlsIHN1aXZhbnQgOiB0aHB0ZXN0QHlvcG1h
aWwuY29tLg0KIA0KUG91ciBhY2PDqWRlciDDoCB0b24gZXNwYWNlIGNsaWVu
dCwgY29ubmVjdGUtdG9pIHZpYSA6IGh0dHBzOi8vZXZlbnRicml0ZWhnLmhl
cm9rdWFwcC5jb20vLg0KIA0Kw4AgdHLDqHMgdml0ZSBzdXIgZXZlbnRicml0
ZWhnICENCg==

----==_mimepart_62835998715e2_42d6ebdc746f9
Content-Type: text/html;
 charset=UTF-8
Content-Transfer-Encoding: quoted-printable

<!DOCTYPE html>=0D
<html>=0D
  <head>=0D
    <meta http-equiv=3D"Content-Type" content=3D"text/html; charset=3Dutf=
-8" />=0D
    <style>=0D
      /* Email styles need to be inline */=0D
    </style>=0D
  </head>=0D
=0D
  <body>=0D
    <!DOCTYPE html>=0D
<html>=0D
  <head>=0D
    <meta content=3D'text/html; charset=3DUTF-8' http-equiv=3D'Content-Ty=
pe' />=0D
  </head>=0D
  <body>=0D
    <h1>Salut Luetta et bienvenue chez nous !</h1>=0D
    <p>=0D
      Tu t'es inscrit sur nico-events-project-mardi en utilisant l'e-mail suivant : th=
ptest@yopmail.com.=0D
    </p>=0D
    <p>=0D
      Pour acc=C3=A9der =C3=A0 ton espace client, connecte-toi via : http=
s://nico-events-project-mardi.herokuapp.com/.=0D
    </p>=0D
    <p> =C3=80 tr=C3=A8s vite sur nico-events-project-mardi !=0D
  </body>=0D
</html>=0D
  </body>=0D
</html>=0D

----==_mimepart_62835998715e2_42d6ebdc746f9--

  [1m[35m (1.2ms)[0m  [1m[35mCOMMIT[0m
  ↳ db/seeds.rb:15
  [1m[35m (0.0ms)[0m  [1m[35mBEGIN[0m
  ↳ db/seeds.rb:15
  [1m[36mUser Create (0.2ms)[0m  [1m[32mINSERT INTO "users" ("email", "description", "first_name", "last_name", "created_at", "updated_at") VALUES ($1, $2, $3, $4, $5, $6) RETURNING "id"[0m  [["email", "nico-events-project1@yopmail.com"], ["description", "Cet utilisateur a la description suivante: Generated description #99080"], ["first_name", "Creola"], ["last_name", "Nader"], ["created_at", "2022-05-17 08:15:20.522938"], ["updated_at", "2022-05-17 08:15:20.522938"]]
  ↳ db/seeds.rb:15
  Rendering user_mailer/welcome_email.html.erb within layouts/mailer
  Rendered user_mailer/welcome_email.html.erb within layouts/mailer (0.0ms)
  Rendering user_mailer/welcome_email.text.erb within layouts/mailer
  Rendered user_mailer/welcome_email.text.erb within layouts/mailer (0.0ms)
UserMailer#welcome_email: processed outbound mail in 3.9ms
Sent mail to nico-events-project1@yopmail.com (16.5ms)
Date: Tue, 17 May 2022 10:15:20 +0200
From: n.cubilier@gmail.com
To: nico-events-project1@yopmail.com
Message-ID: <6283599880fb3_42d6ebdc74989@kubitus-PCmaison.mail>
Subject: Bienvenue chez nous !
Mime-Version: 1.0
Content-Type: multipart/alternative;
 boundary="--==_mimepart_628359988097e_42d6ebdc748f2";
 charset=UTF-8
Content-Transfer-Encoding: 7bit


----==_mimepart_628359988097e_42d6ebdc748f2
Content-Type: text/plain;
 charset=UTF-8
Content-Transfer-Encoding: base64

U2FsdXQgQ3Jlb2xhIGV0IGJpZW52ZW51ZSBjaGV6IG5vdXMgIQ0KPT09PT09
PT09PT09PT09PT09PT09PT09PT09PT09PT09PT09PT09PT09PT09PT09PT09
PT09PT09PQ0KIA0KVHUgdCdlcyBpbnNjcml0IHN1ciBldmVudGJyaXRlaGcg
ZW4gdXRpbGlzYW50IGwnZS1tYWlsIHN1aXZhbnQgOiB0aHB0ZXN0MUB5b3Bt
YWlsLmNvbS4NCiANClBvdXIgYWNjw6lkZXIgw6AgdG9uIGVzcGFjZSBjbGll
bnQsIGNvbm5lY3RlLXRvaSB2aWEgOiBodHRwczovL2V2ZW50YnJpdGVoZy5o
ZXJva3VhcHAuY29tLy4NCiANCsOAIHRyw6hzIHZpdGUgc3VyIGV2ZW50YnJp
dGVoZyAhDQo=

----==_mimepart_628359988097e_42d6ebdc748f2
Content-Type: text/html;
 charset=UTF-8
Content-Transfer-Encoding: quoted-printable

<!DOCTYPE html>=0D
<html>=0D
  <head>=0D
    <meta http-equiv=3D"Content-Type" content=3D"text/html; charset=3Dutf=
-8" />=0D
    <style>=0D
      /* Email styles need to be inline */=0D
    </style>=0D
  </head>=0D
=0D
  <body>=0D
    <!DOCTYPE html>=0D
<html>=0D
  <head>=0D
    <meta content=3D'text/html; charset=3DUTF-8' http-equiv=3D'Content-Ty=
pe' />=0D
  </head>=0D
  <body>=0D
    <h1>Salut Creola et bienvenue chez nous !</h1>=0D
    <p>=0D
      Tu t'es inscrit sur nico-events-project-mardi en utilisant l'e-mail suivant : th=
ptest1@yopmail.com.=0D
    </p>=0D
    <p>=0D
      Pour acc=C3=A9der =C3=A0 ton espace client, connecte-toi via : http=
s://nico-events-project-mardi.herokuapp.com/.=0D
    </p>=0D
    <p> =C3=80 tr=C3=A8s vite sur nico-events-project-mardi !=0D
  </body>=0D
</html>=0D
  </body>=0D
</html>=0D

----==_mimepart_628359988097e_42d6ebdc748f2--

  [1m[35m (0.9ms)[0m  [1m[35mCOMMIT[0m
  ↳ db/seeds.rb:15
  [1m[35m (0.0ms)[0m  [1m[35mBEGIN[0m
  ↳ db/seeds.rb:15
  [1m[36mUser Create (0.2ms)[0m  [1m[32mINSERT INTO "users" ("email", "description", "first_name", "last_name", "created_at", "updated_at") VALUES ($1, $2, $3, $4, $5, $6) RETURNING "id"[0m  [["email", "nico-events-project2@yopmail.com"], ["description", "Cet utilisateur a la description suivante: Generated description #58208"], ["first_name", "Magda"], ["last_name", "Altenwerth"], ["created_at", "2022-05-17 08:15:20.547347"], ["updated_at", "2022-05-17 08:15:20.547347"]]
  ↳ db/seeds.rb:15
  Rendering user_mailer/welcome_email.html.erb within layouts/mailer
  Rendered user_mailer/welcome_email.html.erb within layouts/mailer (0.1ms)
  Rendering user_mailer/welcome_email.text.erb within layouts/mailer
  Rendered user_mailer/welcome_email.text.erb within layouts/mailer (0.1ms)
UserMailer#welcome_email: processed outbound mail in 4.6ms
Sent mail to nico-events-project2@yopmail.com (25.1ms)
Date: Tue, 17 May 2022 10:15:20 +0200
From: n.cubilier@gmail.com
To: nico-events-project2@yopmail.com
Message-ID: <628359988732d_42d6ebdc75154@kubitus-PCmaison.mail>
Subject: Bienvenue chez nous !
Mime-Version: 1.0
Content-Type: multipart/alternative;
 boundary="--==_mimepart_6283599886a4a_42d6ebdc7509d";
 charset=UTF-8
Content-Transfer-Encoding: 7bit


----==_mimepart_6283599886a4a_42d6ebdc7509d
Content-Type: text/plain;
 charset=UTF-8
Content-Transfer-Encoding: base64

U2FsdXQgTWFnZGEgZXQgYmllbnZlbnVlIGNoZXogbm91cyAhDQo9PT09PT09
PT09PT09PT09PT09PT09PT09PT09PT09PT09PT09PT09PT09PT09PT09PT09
PT09PT09DQogDQpUdSB0J2VzIGluc2NyaXQgc3VyIGV2ZW50YnJpdGVoZyBl
biB1dGlsaXNhbnQgbCdlLW1haWwgc3VpdmFudCA6IHRocHRlc3QyQHlvcG1h
aWwuY29tLg0KIA0KUG91ciBhY2PDqWRlciDDoCB0b24gZXNwYWNlIGNsaWVu
dCwgY29ubmVjdGUtdG9pIHZpYSA6IGh0dHBzOi8vZXZlbnRicml0ZWhnLmhl
cm9rdWFwcC5jb20vLg0KIA0Kw4AgdHLDqHMgdml0ZSBzdXIgZXZlbnRicml0
ZWhnICENCg==

----==_mimepart_6283599886a4a_42d6ebdc7509d
Content-Type: text/html;
 charset=UTF-8
Content-Transfer-Encoding: quoted-printable

<!DOCTYPE html>=0D
<html>=0D
  <head>=0D
    <meta http-equiv=3D"Content-Type" content=3D"text/html; charset=3Dutf=
-8" />=0D
    <style>=0D
      /* Email styles need to be inline */=0D
    </style>=0D
  </head>=0D
=0D
  <body>=0D
    <!DOCTYPE html>=0D
<html>=0D
  <head>=0D
    <meta content=3D'text/html; charset=3DUTF-8' http-equiv=3D'Content-Ty=
pe' />=0D
  </head>=0D
  <body>=0D
    <h1>Salut Magda et bienvenue chez nous !</h1>=0D
    <p>=0D
      Tu t'es inscrit sur nico-events-project-mardi en utilisant l'e-mail suivant : th=
ptest2@yopmail.com.=0D
    </p>=0D
    <p>=0D
      Pour acc=C3=A9der =C3=A0 ton espace client, connecte-toi via : http=
s://nico-events-project-mardi.herokuapp.com/.=0D
    </p>=0D
    <p> =C3=80 tr=C3=A8s vite sur nico-events-project-mardi !=0D
  </body>=0D
</html>=0D
  </body>=0D
</html>=0D

----==_mimepart_6283599886a4a_42d6ebdc7509d--

  [1m[35m (0.9ms)[0m  [1m[35mCOMMIT[0m
  ↳ db/seeds.rb:15
  [1m[35m (0.0ms)[0m  [1m[35mBEGIN[0m
  ↳ db/seeds.rb:15
  [1m[36mUser Create (0.2ms)[0m  [1m[32mINSERT INTO "users" ("email", "description", "first_name", "last_name", "created_at", "updated_at") VALUES ($1, $2, $3, $4, $5, $6) RETURNING "id"[0m  [["email", "nico-events-project3@yopmail.com"], ["description", "Cet utilisateur a la description suivante: Generated description #26070"], ["first_name", "Jessenia"], ["last_name", "Beatty"], ["created_at", "2022-05-17 08:15:20.580639"], ["updated_at", "2022-05-17 08:15:20.580639"]]
  ↳ db/seeds.rb:15
  Rendering user_mailer/welcome_email.html.erb within layouts/mailer
  Rendered user_mailer/welcome_email.html.erb within layouts/mailer (0.0ms)
  Rendering user_mailer/welcome_email.text.erb within layouts/mailer
  Rendered user_mailer/welcome_email.text.erb within layouts/mailer (0.0ms)
UserMailer#welcome_email: processed outbound mail in 6.5ms
Sent mail to nico-events-project3@yopmail.com (24.0ms)
Date: Tue, 17 May 2022 10:15:20 +0200
From: n.cubilier@gmail.com
To: nico-events-project3@yopmail.com
Message-ID: <628359988fc55_42d6ebdc7535b@kubitus-PCmaison.mail>
Subject: Bienvenue chez nous !
Mime-Version: 1.0
Content-Type: multipart/alternative;
 boundary="--==_mimepart_628359988f3e0_42d6ebdc75285";
 charset=UTF-8
Content-Transfer-Encoding: 7bit


----==_mimepart_628359988f3e0_42d6ebdc75285
Content-Type: text/plain;
 charset=UTF-8
Content-Transfer-Encoding: base64

U2FsdXQgSmVzc2VuaWEgZXQgYmllbnZlbnVlIGNoZXogbm91cyAhDQo9PT09
PT09PT09PT09PT09PT09PT09PT09PT09PT09PT09PT09PT09PT09PT09PT09
PT09PT09PT09DQogDQpUdSB0J2VzIGluc2NyaXQgc3VyIGV2ZW50YnJpdGVo
ZyBlbiB1dGlsaXNhbnQgbCdlLW1haWwgc3VpdmFudCA6IHRocHRlc3QzQHlv
cG1haWwuY29tLg0KIA0KUG91ciBhY2PDqWRlciDDoCB0b24gZXNwYWNlIGNs
aWVudCwgY29ubmVjdGUtdG9pIHZpYSA6IGh0dHBzOi8vZXZlbnRicml0ZWhn
Lmhlcm9rdWFwcC5jb20vLg0KIA0Kw4AgdHLDqHMgdml0ZSBzdXIgZXZlbnRi
cml0ZWhnICENCg==

----==_mimepart_628359988f3e0_42d6ebdc75285
Content-Type: text/html;
 charset=UTF-8
Content-Transfer-Encoding: quoted-printable

<!DOCTYPE html>=0D
<html>=0D
  <head>=0D
    <meta http-equiv=3D"Content-Type" content=3D"text/html; charset=3Dutf=
-8" />=0D
    <style>=0D
      /* Email styles need to be inline */=0D
    </style>=0D
  </head>=0D
=0D
  <body>=0D
    <!DOCTYPE html>=0D
<html>=0D
  <head>=0D
    <meta content=3D'text/html; charset=3DUTF-8' http-equiv=3D'Content-Ty=
pe' />=0D
  </head>=0D
  <body>=0D
    <h1>Salut Jessenia et bienvenue chez nous !</h1>=0D
    <p>=0D
      Tu t'es inscrit sur nico-events-project-mardi en utilisant l'e-mail suivant : th=
ptest3@yopmail.com.=0D
    </p>=0D
    <p>=0D
      Pour acc=C3=A9der =C3=A0 ton espace client, connecte-toi via : http=
s://nico-events-project-mardi.herokuapp.com/.=0D
    </p>=0D
    <p> =C3=80 tr=C3=A8s vite sur nico-events-project-mardi !=0D
  </body>=0D
</html>=0D
  </body>=0D
</html>=0D

----==_mimepart_628359988f3e0_42d6ebdc75285--

  [1m[35m (0.9ms)[0m  [1m[35mCOMMIT[0m
  ↳ db/seeds.rb:15
  [1m[35m (0.1ms)[0m  [1m[35mBEGIN[0m
  ↳ db/seeds.rb:15
  [1m[36mUser Create (0.2ms)[0m  [1m[32mINSERT INTO "users" ("email", "description", "first_name", "last_name", "created_at", "updated_at") VALUES ($1, $2, $3, $4, $5, $6) RETURNING "id"[0m  [["email", "nico-events-project4@yopmail.com"], ["description", "Cet utilisateur a la description suivante: Generated description #43137"], ["first_name", "Virgil"], ["last_name", "Boehm"], ["created_at", "2022-05-17 08:15:20.615937"], ["updated_at", "2022-05-17 08:15:20.615937"]]
  ↳ db/seeds.rb:15
  Rendering user_mailer/welcome_email.html.erb within layouts/mailer
  Rendered user_mailer/welcome_email.html.erb within layouts/mailer (0.1ms)
  Rendering user_mailer/welcome_email.text.erb within layouts/mailer
  Rendered user_mailer/welcome_email.text.erb within layouts/mailer (0.0ms)
UserMailer#welcome_email: processed outbound mail in 14.2ms
Sent mail to nico-events-project4@yopmail.com (34.9ms)
Date: Tue, 17 May 2022 10:15:20 +0200
From: n.cubilier@gmail.com
To: nico-events-project4@yopmail.com
Message-ID: <628359989ada7_42d6ebdc7552f@kubitus-PCmaison.mail>
Subject: Bienvenue chez nous !
Mime-Version: 1.0
Content-Type: multipart/alternative;
 boundary="--==_mimepart_6283599898c83_42d6ebdc75452";
 charset=UTF-8
Content-Transfer-Encoding: 7bit


----==_mimepart_6283599898c83_42d6ebdc75452
Content-Type: text/plain;
 charset=UTF-8
Content-Transfer-Encoding: base64

U2FsdXQgVmlyZ2lsIGV0IGJpZW52ZW51ZSBjaGV6IG5vdXMgIQ0KPT09PT09
PT09PT09PT09PT09PT09PT09PT09PT09PT09PT09PT09PT09PT09PT09PT09
PT09PT09PQ0KIA0KVHUgdCdlcyBpbnNjcml0IHN1ciBldmVudGJyaXRlaGcg
ZW4gdXRpbGlzYW50IGwnZS1tYWlsIHN1aXZhbnQgOiB0aHB0ZXN0NEB5b3Bt
YWlsLmNvbS4NCiANClBvdXIgYWNjw6lkZXIgw6AgdG9uIGVzcGFjZSBjbGll
bnQsIGNvbm5lY3RlLXRvaSB2aWEgOiBodHRwczovL2V2ZW50YnJpdGVoZy5o
ZXJva3VhcHAuY29tLy4NCiANCsOAIHRyw6hzIHZpdGUgc3VyIGV2ZW50YnJp
dGVoZyAhDQo=

----==_mimepart_6283599898c83_42d6ebdc75452
Content-Type: text/html;
 charset=UTF-8
Content-Transfer-Encoding: quoted-printable

<!DOCTYPE html>=0D
<html>=0D
  <head>=0D
    <meta http-equiv=3D"Content-Type" content=3D"text/html; charset=3Dutf=
-8" />=0D
    <style>=0D
      /* Email styles need to be inline */=0D
    </style>=0D
  </head>=0D
=0D
  <body>=0D
    <!DOCTYPE html>=0D
<html>=0D
  <head>=0D
    <meta content=3D'text/html; charset=3DUTF-8' http-equiv=3D'Content-Ty=
pe' />=0D
  </head>=0D
  <body>=0D
    <h1>Salut Virgil et bienvenue chez nous !</h1>=0D
    <p>=0D
      Tu t'es inscrit sur nico-events-project-mardi en utilisant l'e-mail suivant : th=
ptest4@yopmail.com.=0D
    </p>=0D
    <p>=0D
      Pour acc=C3=A9der =C3=A0 ton espace client, connecte-toi via : http=
s://nico-events-project-mardi.herokuapp.com/.=0D
    </p>=0D
    <p> =C3=80 tr=C3=A8s vite sur nico-events-project-mardi !=0D
  </body>=0D
</html>=0D
  </body>=0D
</html>=0D

----==_mimepart_6283599898c83_42d6ebdc75452--

  [1m[35m (1.1ms)[0m  [1m[35mCOMMIT[0m
  ↳ db/seeds.rb:15
  [1m[35m (0.0ms)[0m  [1m[35mBEGIN[0m
  ↳ db/seeds.rb:15
  [1m[36mUser Create (0.2ms)[0m  [1m[32mINSERT INTO "users" ("email", "description", "first_name", "last_name", "created_at", "updated_at") VALUES ($1, $2, $3, $4, $5, $6) RETURNING "id"[0m  [["email", "nico-events-project5@yopmail.com"], ["description", "Cet utilisateur a la description suivante: Generated description #12497"], ["first_name", "Reynaldo"], ["last_name", "Wunsch"], ["created_at", "2022-05-17 08:15:20.670466"], ["updated_at", "2022-05-17 08:15:20.670466"]]
  ↳ db/seeds.rb:15
  Rendering user_mailer/welcome_email.html.erb within layouts/mailer
  Rendered user_mailer/welcome_email.html.erb within layouts/mailer (0.0ms)
  Rendering user_mailer/welcome_email.text.erb within layouts/mailer
  Rendered user_mailer/welcome_email.text.erb within layouts/mailer (0.0ms)
UserMailer#welcome_email: processed outbound mail in 5.1ms
Sent mail to nico-events-project5@yopmail.com (19.1ms)
Date: Tue, 17 May 2022 10:15:20 +0200
From: n.cubilier@gmail.com
To: nico-events-project5@yopmail.com
Message-ID: <62835998a5632_42d6ebdc7573b@kubitus-PCmaison.mail>
Subject: Bienvenue chez nous !
Mime-Version: 1.0
Content-Type: multipart/alternative;
 boundary="--==_mimepart_62835998a4be5_42d6ebdc756cc";
 charset=UTF-8
Content-Transfer-Encoding: 7bit


----==_mimepart_62835998a4be5_42d6ebdc756cc
Content-Type: text/plain;
 charset=UTF-8
Content-Transfer-Encoding: base64

U2FsdXQgUmV5bmFsZG8gZXQgYmllbnZlbnVlIGNoZXogbm91cyAhDQo9PT09
PT09PT09PT09PT09PT09PT09PT09PT09PT09PT09PT09PT09PT09PT09PT09
PT09PT09PT09DQogDQpUdSB0J2VzIGluc2NyaXQgc3VyIGV2ZW50YnJpdGVo
ZyBlbiB1dGlsaXNhbnQgbCdlLW1haWwgc3VpdmFudCA6IHRocHRlc3Q1QHlv
cG1haWwuY29tLg0KIA0KUG91ciBhY2PDqWRlciDDoCB0b24gZXNwYWNlIGNs
aWVudCwgY29ubmVjdGUtdG9pIHZpYSA6IGh0dHBzOi8vZXZlbnRicml0ZWhn
Lmhlcm9rdWFwcC5jb20vLg0KIA0Kw4AgdHLDqHMgdml0ZSBzdXIgZXZlbnRi
cml0ZWhnICENCg==

----==_mimepart_62835998a4be5_42d6ebdc756cc
Content-Type: text/html;
 charset=UTF-8
Content-Transfer-Encoding: quoted-printable

<!DOCTYPE html>=0D
<html>=0D
  <head>=0D
    <meta http-equiv=3D"Content-Type" content=3D"text/html; charset=3Dutf=
-8" />=0D
    <style>=0D
      /* Email styles need to be inline */=0D
    </style>=0D
  </head>=0D
=0D
  <body>=0D
    <!DOCTYPE html>=0D
<html>=0D
  <head>=0D
    <meta content=3D'text/html; charset=3DUTF-8' http-equiv=3D'Content-Ty=
pe' />=0D
  </head>=0D
  <body>=0D
    <h1>Salut Reynaldo et bienvenue chez nous !</h1>=0D
    <p>=0D
      Tu t'es inscrit sur nico-events-project-mardi en utilisant l'e-mail suivant : th=
ptest5@yopmail.com.=0D
    </p>=0D
    <p>=0D
      Pour acc=C3=A9der =C3=A0 ton espace client, connecte-toi via : http=
s://nico-events-project-mardi.herokuapp.com/.=0D
    </p>=0D
    <p> =C3=80 tr=C3=A8s vite sur nico-events-project-mardi !=0D
  </body>=0D
</html>=0D
  </body>=0D
</html>=0D

----==_mimepart_62835998a4be5_42d6ebdc756cc--

  [1m[35m (1.0ms)[0m  [1m[35mCOMMIT[0m
  ↳ db/seeds.rb:15
  [1m[36mUser Load (0.2ms)[0m  [1m[34mSELECT "users".* FROM "users"[0m
  ↳ db/seeds.rb:20
  [1m[35m (0.1ms)[0m  [1m[35mBEGIN[0m
  ↳ db/seeds.rb:20
  [1m[36mEvent Create (0.5ms)[0m  [1m[32mINSERT INTO "events" ("start_date", "duration", "title", "description", "price", "location", "admin_id", "created_at", "updated_at") VALUES ($1, $2, $3, $4, $5, $6, $7, $8, $9) RETURNING "id"[0m  [["start_date", "2022-10-30 00:00:00"], ["duration", 245], ["title", "Couponing"], ["description", "Cet evenement a la description aléatoire #8347"], ["price", 169], ["location", "New Rupertberg"], ["admin_id", 5], ["created_at", "2022-05-17 08:15:20.709888"], ["updated_at", "2022-05-17 08:15:20.709888"]]
  ↳ db/seeds.rb:20
  [1m[35m (0.8ms)[0m  [1m[35mCOMMIT[0m
  ↳ db/seeds.rb:20
  [1m[36mUser Load (0.3ms)[0m  [1m[34mSELECT "users".* FROM "users"[0m
  ↳ db/seeds.rb:20
  [1m[35m (0.1ms)[0m  [1m[35mBEGIN[0m
  ↳ db/seeds.rb:20
  [1m[36mEvent Create (0.3ms)[0m  [1m[32mINSERT INTO "events" ("start_date", "duration", "title", "description", "price", "location", "admin_id", "created_at", "updated_at") VALUES ($1, $2, $3, $4, $5, $6, $7, $8, $9) RETURNING "id"[0m  [["start_date", "2022-07-19 00:00:00"], ["duration", 465], ["title", "Hooping"], ["description", "Cet evenement a la description aléatoire #7126"], ["price", 121], ["location", "Yundtburgh"], ["admin_id", 2], ["created_at", "2022-05-17 08:15:20.714603"], ["updated_at", "2022-05-17 08:15:20.714603"]]
  ↳ db/seeds.rb:20
  [1m[35m (2.2ms)[0m  [1m[35mCOMMIT[0m
  ↳ db/seeds.rb:20
  [1m[36mUser Load (0.3ms)[0m  [1m[34mSELECT "users".* FROM "users"[0m
  ↳ db/seeds.rb:20
  [1m[35m (0.6ms)[0m  [1m[35mBEGIN[0m
  ↳ db/seeds.rb:20
  [1m[36mEvent Create (0.9ms)[0m  [1m[32mINSERT INTO "events" ("start_date", "duration", "title", "description", "price", "location", "admin_id", "created_at", "updated_at") VALUES ($1, $2, $3, $4, $5, $6, $7, $8, $9) RETURNING "id"[0m  [["start_date", "2022-12-22 00:00:00"], ["duration", 430], ["title", "Archery"], ["description", "Cet evenement a la description aléatoire #2479"], ["price", 103], ["location", "Marlonborough"], ["admin_id", 4], ["created_at", "2022-05-17 08:15:20.721289"], ["updated_at", "2022-05-17 08:15:20.721289"]]
  ↳ db/seeds.rb:20
  [1m[35m (1.6ms)[0m  [1m[35mCOMMIT[0m
  ↳ db/seeds.rb:20
  [1m[36mUser Load (0.3ms)[0m  [1m[34mSELECT "users".* FROM "users"[0m
  ↳ db/seeds.rb:20
  [1m[35m (0.8ms)[0m  [1m[35mBEGIN[0m
  ↳ db/seeds.rb:20
  [1m[36mEvent Create (0.9ms)[0m  [1m[32mINSERT INTO "events" ("start_date", "duration", "title", "description", "price", "location", "admin_id", "created_at", "updated_at") VALUES ($1, $2, $3, $4, $5, $6, $7, $8, $9) RETURNING "id"[0m  [["start_date", "2023-05-13 00:00:00"], ["duration", 390], ["title", "Skydiving"], ["description", "Cet evenement a la description aléatoire #9116"], ["price", 179], ["location", "Olsonfort"], ["admin_id", 5], ["created_at", "2022-05-17 08:15:20.728842"], ["updated_at", "2022-05-17 08:15:20.728842"]]
  ↳ db/seeds.rb:20
  [1m[35m (1.4ms)[0m  [1m[35mCOMMIT[0m
  ↳ db/seeds.rb:20
  [1m[36mUser Load (0.3ms)[0m  [1m[34mSELECT "users".* FROM "users"[0m
  ↳ db/seeds.rb:20
  [1m[35m (0.1ms)[0m  [1m[35mBEGIN[0m
  ↳ db/seeds.rb:20
  [1m[36mEvent Create (1.8ms)[0m  [1m[32mINSERT INTO "events" ("start_date", "duration", "title", "description", "price", "location", "admin_id", "created_at", "updated_at") VALUES ($1, $2, $3, $4, $5, $6, $7, $8, $9) RETURNING "id"[0m  [["start_date", "2023-02-12 00:00:00"], ["duration", 210], ["title", "Calligraphy"], ["description", "Cet evenement a la description aléatoire #2653"], ["price", 187], ["location", "West Dee"], ["admin_id", 1], ["created_at", "2022-05-17 08:15:20.734902"], ["updated_at", "2022-05-17 08:15:20.734902"]]
  ↳ db/seeds.rb:20
  [1m[35m (4.9ms)[0m  [1m[35mCOMMIT[0m
  ↳ db/seeds.rb:20
  [1m[36mEvent Load (0.3ms)[0m  [1m[34mSELECT "events".* FROM "events"[0m
  ↳ db/seeds.rb:24
  [1m[36mUser Load (0.1ms)[0m  [1m[34mSELECT "users".* FROM "users"[0m
  ↳ db/seeds.rb:27
  [1m[35m (0.1ms)[0m  [1m[35mBEGIN[0m
  ↳ db/seeds.rb:27
  [1m[36mAttendance Create (0.4ms)[0m  [1m[32mINSERT INTO "attendances" ("attendee_id", "event_id", "created_at", "updated_at") VALUES ($1, $2, $3, $4) RETURNING "id"[0m  [["attendee_id", 3], ["event_id", 1], ["created_at", "2022-05-17 08:15:20.753108"], ["updated_at", "2022-05-17 08:15:20.753108"]]
  ↳ db/seeds.rb:27
  [1m[36mUser Load (0.1ms)[0m  [1m[34mSELECT  "users".* FROM "users" WHERE "users"."id" = $1 LIMIT $2[0m  [["id", 5], ["LIMIT", 1]]
  ↳ app/mailers/user_mailer.rb:19
  Rendering user_mailer/admin_attend_email.html.erb within layouts/mailer
  Rendered user_mailer/admin_attend_email.html.erb within layouts/mailer (0.4ms)
  Rendering user_mailer/admin_attend_email.text.erb within layouts/mailer
  Rendered user_mailer/admin_attend_email.text.erb within layouts/mailer (0.1ms)
UserMailer#admin_attend_email: processed outbound mail in 11.0ms
Sent mail to nico-events-project4@yopmail.com (65.0ms)
Date: Tue, 17 May 2022 10:15:20 +0200
From: n.cubilier@gmail.com
To: nico-events-project4@yopmail.com
Message-ID: <62835998bb40d_42d6ebdc7592e@kubitus-PCmaison.mail>
Subject: =?UTF-8?Q?Un_nouveau_participant_=C3=A0_ton_event_!?=
Mime-Version: 1.0
Content-Type: multipart/alternative;
 boundary="--==_mimepart_62835998ba6c7_42d6ebdc7588f";
 charset=UTF-8
Content-Transfer-Encoding: 7bit


----==_mimepart_62835998ba6c7_42d6ebdc7588f
Content-Type: text/plain;
 charset=UTF-8
Content-Transfer-Encoding: 7bit


----==_mimepart_62835998ba6c7_42d6ebdc7588f
Content-Type: text/html;
 charset=UTF-8
Content-Transfer-Encoding: quoted-printable

<!DOCTYPE html>=0D
<html>=0D
  <head>=0D
    <meta http-equiv=3D"Content-Type" content=3D"text/html; charset=3Dutf=
-8" />=0D
    <style>=0D
      /* Email styles need to be inline */=0D
    </style>=0D
  </head>=0D
=0D
  <body>=0D
    <!DOCTYPE html>=0D
<html>=0D
  <head>=0D
    <meta content=3D'text/html; charset=3DUTF-8' http-equiv=3D'Content-Ty=
pe' />=0D
  </head>=0D
  <body>=0D
    <h1>Salut Virgil !</h1>=0D
    <p>=0D
      Nous te prevenons que Magda Altenwerth vient de s'inscrire =C3=A0 t=
on =C3=A9v=C3=A8nement Couponing. <br/>=0D
      =0D
      Voici quelques infos sur ce dernier : <br/>=0D
      <br/>=0D
      L'evenement aura lieu ici : New Rupertberg <br/>=0D
      Il durera : 245 minutes <br/>=0D
      Il devras raquer 169 euros sinon tu sors ! <br/>=0D
    </p>=0D
    <p>=0D
      Pour acc=C3=A9der =C3=A0 ton espace client, connecte-toi via : http=
s://nico-events-project-mardi.herokuapp.com/.=0D
    </p>=0D
    <p> =C3=80 tr=C3=A8s vite sur nico-events-project-mardi !=0D
  </body>=0D
</html>=0D
  </body>=0D
</html>=0D

----==_mimepart_62835998ba6c7_42d6ebdc7588f--

  [1m[35m (1.1ms)[0m  [1m[35mCOMMIT[0m
  ↳ db/seeds.rb:27
  [1m[36mUser Load (0.2ms)[0m  [1m[34mSELECT "users".* FROM "users"[0m
  ↳ db/seeds.rb:27
  [1m[35m (0.1ms)[0m  [1m[35mBEGIN[0m
  ↳ db/seeds.rb:27
  [1m[36mAttendance Create (0.4ms)[0m  [1m[32mINSERT INTO "attendances" ("attendee_id", "event_id", "created_at", "updated_at") VALUES ($1, $2, $3, $4) RETURNING "id"[0m  [["attendee_id", 2], ["event_id", 2], ["created_at", "2022-05-17 08:15:20.834549"], ["updated_at", "2022-05-17 08:15:20.834549"]]
  ↳ db/seeds.rb:27
  [1m[36mUser Load (1.5ms)[0m  [1m[34mSELECT  "users".* FROM "users" WHERE "users"."id" = $1 LIMIT $2[0m  [["id", 2], ["LIMIT", 1]]
  ↳ app/mailers/user_mailer.rb:19
  Rendering user_mailer/admin_attend_email.html.erb within layouts/mailer
  Rendered user_mailer/admin_attend_email.html.erb within layouts/mailer (0.1ms)
  Rendering user_mailer/admin_attend_email.text.erb within layouts/mailer
  Rendered user_mailer/admin_attend_email.text.erb within layouts/mailer (0.0ms)
UserMailer#admin_attend_email: processed outbound mail in 8.6ms
Sent mail to nico-events-project1@yopmail.com (22.5ms)
Date: Tue, 17 May 2022 10:15:20 +0200
From: n.cubilier@gmail.com
To: nico-events-project1@yopmail.com
Message-ID: <62835998ce83e_42d6ebdc76181@kubitus-PCmaison.mail>
Subject: =?UTF-8?Q?Un_nouveau_participant_=C3=A0_ton_event_!?=
Mime-Version: 1.0
Content-Type: multipart/alternative;
 boundary="--==_mimepart_62835998cdec7_42d6ebdc76047";
 charset=UTF-8
Content-Transfer-Encoding: 7bit


----==_mimepart_62835998cdec7_42d6ebdc76047
Content-Type: text/plain;
 charset=UTF-8
Content-Transfer-Encoding: 7bit


----==_mimepart_62835998cdec7_42d6ebdc76047
Content-Type: text/html;
 charset=UTF-8
Content-Transfer-Encoding: quoted-printable

<!DOCTYPE html>=0D
<html>=0D
  <head>=0D
    <meta http-equiv=3D"Content-Type" content=3D"text/html; charset=3Dutf=
-8" />=0D
    <style>=0D
      /* Email styles need to be inline */=0D
    </style>=0D
  </head>=0D
=0D
  <body>=0D
    <!DOCTYPE html>=0D
<html>=0D
  <head>=0D
    <meta content=3D'text/html; charset=3DUTF-8' http-equiv=3D'Content-Ty=
pe' />=0D
  </head>=0D
  <body>=0D
    <h1>Salut Creola !</h1>=0D
    <p>=0D
      Nous te prevenons que Creola Nader vient de s'inscrire =C3=A0 ton =C3=
=A9v=C3=A8nement Hooping. <br/>=0D
      =0D
      Voici quelques infos sur ce dernier : <br/>=0D
      <br/>=0D
      L'evenement aura lieu ici : Yundtburgh <br/>=0D
      Il durera : 465 minutes <br/>=0D
      Il devras raquer 121 euros sinon tu sors ! <br/>=0D
    </p>=0D
    <p>=0D
      Pour acc=C3=A9der =C3=A0 ton espace client, connecte-toi via : http=
s://nico-events-project-mardi.herokuapp.com/.=0D
    </p>=0D
    <p> =C3=80 tr=C3=A8s vite sur nico-events-project-mardi !=0D
  </body>=0D
</html>=0D
  </body>=0D
</html>=0D

----==_mimepart_62835998cdec7_42d6ebdc76047--

  [1m[35m (1.0ms)[0m  [1m[35mCOMMIT[0m
  ↳ db/seeds.rb:27
  [1m[36mUser Load (0.2ms)[0m  [1m[34mSELECT "users".* FROM "users"[0m
  ↳ db/seeds.rb:27
  [1m[35m (0.0ms)[0m  [1m[35mBEGIN[0m
  ↳ db/seeds.rb:27
  [1m[36mAttendance Create (0.2ms)[0m  [1m[32mINSERT INTO "attendances" ("attendee_id", "event_id", "created_at", "updated_at") VALUES ($1, $2, $3, $4) RETURNING "id"[0m  [["attendee_id", 3], ["event_id", 2], ["created_at", "2022-05-17 08:15:20.870917"], ["updated_at", "2022-05-17 08:15:20.870917"]]
  ↳ db/seeds.rb:27
  Rendering user_mailer/admin_attend_email.html.erb within layouts/mailer
  Rendered user_mailer/admin_attend_email.html.erb within layouts/mailer (0.1ms)
  Rendering user_mailer/admin_attend_email.text.erb within layouts/mailer
  Rendered user_mailer/admin_attend_email.text.erb within layouts/mailer (0.0ms)
UserMailer#admin_attend_email: processed outbound mail in 6.2ms
Sent mail to nico-events-project1@yopmail.com (33.4ms)
Date: Tue, 17 May 2022 10:15:20 +0200
From: n.cubilier@gmail.com
To: nico-events-project1@yopmail.com
Message-ID: <62835998d68f1_42d6ebdc763f1@kubitus-PCmaison.mail>
Subject: =?UTF-8?Q?Un_nouveau_participant_=C3=A0_ton_event_!?=
Mime-Version: 1.0
Content-Type: multipart/alternative;
 boundary="--==_mimepart_62835998d60f5_42d6ebdc762bf";
 charset=UTF-8
Content-Transfer-Encoding: 7bit


----==_mimepart_62835998d60f5_42d6ebdc762bf
Content-Type: text/plain;
 charset=UTF-8
Content-Transfer-Encoding: 7bit


----==_mimepart_62835998d60f5_42d6ebdc762bf
Content-Type: text/html;
 charset=UTF-8
Content-Transfer-Encoding: quoted-printable

<!DOCTYPE html>=0D
<html>=0D
  <head>=0D
    <meta http-equiv=3D"Content-Type" content=3D"text/html; charset=3Dutf=
-8" />=0D
    <style>=0D
      /* Email styles need to be inline */=0D
    </style>=0D
  </head>=0D
=0D
  <body>=0D
    <!DOCTYPE html>=0D
<html>=0D
  <head>=0D
    <meta content=3D'text/html; charset=3DUTF-8' http-equiv=3D'Content-Ty=
pe' />=0D
  </head>=0D
  <body>=0D
    <h1>Salut Creola !</h1>=0D
    <p>=0D
      Nous te prevenons que Magda Altenwerth vient de s'inscrire =C3=A0 t=
on =C3=A9v=C3=A8nement Hooping. <br/>=0D
      =0D
      Voici quelques infos sur ce dernier : <br/>=0D
      <br/>=0D
      L'evenement aura lieu ici : Yundtburgh <br/>=0D
      Il durera : 465 minutes <br/>=0D
      Il devras raquer 121 euros sinon tu sors ! <br/>=0D
    </p>=0D
    <p>=0D
      Pour acc=C3=A9der =C3=A0 ton espace client, connecte-toi via : http=
s://nico-events-project-mardi.herokuapp.com/.=0D
    </p>=0D
    <p> =C3=80 tr=C3=A8s vite sur nico-events-project-mardi !=0D
  </body>=0D
</html>=0D
  </body>=0D
</html>=0D

----==_mimepart_62835998d60f5_42d6ebdc762bf--

  [1m[35m (0.9ms)[0m  [1m[35mCOMMIT[0m
  ↳ db/seeds.rb:27
  [1m[36mUser Load (0.2ms)[0m  [1m[34mSELECT "users".* FROM "users"[0m
  ↳ db/seeds.rb:27
  [1m[35m (0.1ms)[0m  [1m[35mBEGIN[0m
  ↳ db/seeds.rb:27
  [1m[36mAttendance Create (0.6ms)[0m  [1m[32mINSERT INTO "attendances" ("attendee_id", "event_id", "created_at", "updated_at") VALUES ($1, $2, $3, $4) RETURNING "id"[0m  [["attendee_id", 5], ["event_id", 3], ["created_at", "2022-05-17 08:15:20.914801"], ["updated_at", "2022-05-17 08:15:20.914801"]]
  ↳ db/seeds.rb:27
  [1m[36mUser Load (0.2ms)[0m  [1m[34mSELECT  "users".* FROM "users" WHERE "users"."id" = $1 LIMIT $2[0m  [["id", 4], ["LIMIT", 1]]
  ↳ app/mailers/user_mailer.rb:19
  Rendering user_mailer/admin_attend_email.html.erb within layouts/mailer
  Rendered user_mailer/admin_attend_email.html.erb within layouts/mailer (0.1ms)
  Rendering user_mailer/admin_attend_email.text.erb within layouts/mailer
  Rendered user_mailer/admin_attend_email.text.erb within layouts/mailer (0.0ms)
UserMailer#admin_attend_email: processed outbound mail in 5.6ms
Sent mail to nico-events-project3@yopmail.com (40.1ms)
Date: Tue, 17 May 2022 10:15:20 +0200
From: n.cubilier@gmail.com
To: nico-events-project3@yopmail.com
Message-ID: <62835998e14e9_42d6ebdc765ac@kubitus-PCmaison.mail>
Subject: =?UTF-8?Q?Un_nouveau_participant_=C3=A0_ton_event_!?=
Mime-Version: 1.0
Content-Type: multipart/alternative;
 boundary="--==_mimepart_62835998e0d69_42d6ebdc7641c";
 charset=UTF-8
Content-Transfer-Encoding: 7bit


----==_mimepart_62835998e0d69_42d6ebdc7641c
Content-Type: text/plain;
 charset=UTF-8
Content-Transfer-Encoding: 7bit


----==_mimepart_62835998e0d69_42d6ebdc7641c
Content-Type: text/html;
 charset=UTF-8
Content-Transfer-Encoding: quoted-printable

<!DOCTYPE html>=0D
<html>=0D
  <head>=0D
    <meta http-equiv=3D"Content-Type" content=3D"text/html; charset=3Dutf=
-8" />=0D
    <style>=0D
      /* Email styles need to be inline */=0D
    </style>=0D
  </head>=0D
=0D
  <body>=0D
    <!DOCTYPE html>=0D
<html>=0D
  <head>=0D
    <meta content=3D'text/html; charset=3DUTF-8' http-equiv=3D'Content-Ty=
pe' />=0D
  </head>=0D
  <body>=0D
    <h1>Salut Jessenia !</h1>=0D
    <p>=0D
      Nous te prevenons que Virgil Boehm vient de s'inscrire =C3=A0 ton =C3=
=A9v=C3=A8nement Archery. <br/>=0D
      =0D
      Voici quelques infos sur ce dernier : <br/>=0D
      <br/>=0D
      L'evenement aura lieu ici : Marlonborough <br/>=0D
      Il durera : 430 minutes <br/>=0D
      Il devras raquer 103 euros sinon tu sors ! <br/>=0D
    </p>=0D
    <p>=0D
      Pour acc=C3=A9der =C3=A0 ton espace client, connecte-toi via : http=
s://nico-events-project-mardi.herokuapp.com/.=0D
    </p>=0D
    <p> =C3=80 tr=C3=A8s vite sur nico-events-project-mardi !=0D
  </body>=0D
</html>=0D
  </body>=0D
</html>=0D

----==_mimepart_62835998e0d69_42d6ebdc7641c--

  [1m[35m (1.2ms)[0m  [1m[35mCOMMIT[0m
  ↳ db/seeds.rb:27
  [1m[36mUser Load (0.3ms)[0m  [1m[34mSELECT "users".* FROM "users"[0m
  ↳ db/seeds.rb:27
  [1m[35m (0.1ms)[0m  [1m[35mBEGIN[0m
  ↳ db/seeds.rb:27
  [1m[36mAttendance Create (0.2ms)[0m  [1m[32mINSERT INTO "attendances" ("attendee_id", "event_id", "created_at", "updated_at") VALUES ($1, $2, $3, $4) RETURNING "id"[0m  [["attendee_id", 1], ["event_id", 3], ["created_at", "2022-05-17 08:15:20.966378"], ["updated_at", "2022-05-17 08:15:20.966378"]]
  ↳ db/seeds.rb:27
  Rendering user_mailer/admin_attend_email.html.erb within layouts/mailer
  Rendered user_mailer/admin_attend_email.html.erb within layouts/mailer (0.1ms)
  Rendering user_mailer/admin_attend_email.text.erb within layouts/mailer
  Rendered user_mailer/admin_attend_email.text.erb within layouts/mailer (0.0ms)
UserMailer#admin_attend_email: processed outbound mail in 6.0ms
Sent mail to nico-events-project3@yopmail.com (39.4ms)
Date: Tue, 17 May 2022 10:15:20 +0200
From: n.cubilier@gmail.com
To: nico-events-project3@yopmail.com
Message-ID: <62835998ede6c_42d6ebdc7674d@kubitus-PCmaison.mail>
Subject: =?UTF-8?Q?Un_nouveau_participant_=C3=A0_ton_event_!?=
Mime-Version: 1.0
Content-Type: multipart/alternative;
 boundary="--==_mimepart_62835998ed625_42d6ebdc76646";
 charset=UTF-8
Content-Transfer-Encoding: 7bit


----==_mimepart_62835998ed625_42d6ebdc76646
Content-Type: text/plain;
 charset=UTF-8
Content-Transfer-Encoding: 7bit


----==_mimepart_62835998ed625_42d6ebdc76646
Content-Type: text/html;
 charset=UTF-8
Content-Transfer-Encoding: quoted-printable

<!DOCTYPE html>=0D
<html>=0D
  <head>=0D
    <meta http-equiv=3D"Content-Type" content=3D"text/html; charset=3Dutf=
-8" />=0D
    <style>=0D
      /* Email styles need to be inline */=0D
    </style>=0D
  </head>=0D
=0D
  <body>=0D
    <!DOCTYPE html>=0D
<html>=0D
  <head>=0D
    <meta content=3D'text/html; charset=3DUTF-8' http-equiv=3D'Content-Ty=
pe' />=0D
  </head>=0D
  <body>=0D
    <h1>Salut Jessenia !</h1>=0D
    <p>=0D
      Nous te prevenons que Luetta Pollich vient de s'inscrire =C3=A0 ton=
 =C3=A9v=C3=A8nement Archery. <br/>=0D
      =0D
      Voici quelques infos sur ce dernier : <br/>=0D
      <br/>=0D
      L'evenement aura lieu ici : Marlonborough <br/>=0D
      Il durera : 430 minutes <br/>=0D
      Il devras raquer 103 euros sinon tu sors ! <br/>=0D
    </p>=0D
    <p>=0D
      Pour acc=C3=A9der =C3=A0 ton espace client, connecte-toi via : http=
s://nico-events-project-mardi.herokuapp.com/.=0D
    </p>=0D
    <p> =C3=80 tr=C3=A8s vite sur nico-events-project-mardi !=0D
  </body>=0D
</html>=0D
  </body>=0D
</html>=0D

----==_mimepart_62835998ed625_42d6ebdc76646--

  [1m[35m (1.3ms)[0m  [1m[35mCOMMIT[0m
  ↳ db/seeds.rb:27
  [1m[36mUser Load (6.7ms)[0m  [1m[34mSELECT "users".* FROM "users"[0m
  ↳ db/seeds.rb:27
  [1m[35m (0.1ms)[0m  [1m[35mBEGIN[0m
  ↳ db/seeds.rb:27
  [1m[36mAttendance Create (1.9ms)[0m  [1m[32mINSERT INTO "attendances" ("attendee_id", "event_id", "created_at", "updated_at") VALUES ($1, $2, $3, $4) RETURNING "id"[0m  [["attendee_id", 5], ["event_id", 3], ["created_at", "2022-05-17 08:15:21.023907"], ["updated_at", "2022-05-17 08:15:21.023907"]]
  ↳ db/seeds.rb:27
  Rendering user_mailer/admin_attend_email.html.erb within layouts/mailer
  Rendered user_mailer/admin_attend_email.html.erb within layouts/mailer (0.1ms)
  Rendering user_mailer/admin_attend_email.text.erb within layouts/mailer
  Rendered user_mailer/admin_attend_email.text.erb within layouts/mailer (0.0ms)
UserMailer#admin_attend_email: processed outbound mail in 15.7ms
Sent mail to nico-events-project3@yopmail.com (36.9ms)
Date: Tue, 17 May 2022 10:15:21 +0200
From: n.cubilier@gmail.com
To: nico-events-project3@yopmail.com
Message-ID: <62835999adf0_42d6ebdc7693a@kubitus-PCmaison.mail>
Subject: =?UTF-8?Q?Un_nouveau_participant_=C3=A0_ton_event_!?=
Mime-Version: 1.0
Content-Type: multipart/alternative;
 boundary="--==_mimepart_62835999a235_42d6ebdc76846";
 charset=UTF-8
Content-Transfer-Encoding: 7bit


----==_mimepart_62835999a235_42d6ebdc76846
Content-Type: text/plain;
 charset=UTF-8
Content-Transfer-Encoding: 7bit


----==_mimepart_62835999a235_42d6ebdc76846
Content-Type: text/html;
 charset=UTF-8
Content-Transfer-Encoding: quoted-printable

<!DOCTYPE html>=0D
<html>=0D
  <head>=0D
    <meta http-equiv=3D"Content-Type" content=3D"text/html; charset=3Dutf=
-8" />=0D
    <style>=0D
      /* Email styles need to be inline */=0D
    </style>=0D
  </head>=0D
=0D
  <body>=0D
    <!DOCTYPE html>=0D
<html>=0D
  <head>=0D
    <meta content=3D'text/html; charset=3DUTF-8' http-equiv=3D'Content-Ty=
pe' />=0D
  </head>=0D
  <body>=0D
    <h1>Salut Jessenia !</h1>=0D
    <p>=0D
      Nous te prevenons que Virgil Boehm vient de s'inscrire =C3=A0 ton =C3=
=A9v=C3=A8nement Archery. <br/>=0D
      =0D
      Voici quelques infos sur ce dernier : <br/>=0D
      <br/>=0D
      L'evenement aura lieu ici : Marlonborough <br/>=0D
      Il durera : 430 minutes <br/>=0D
      Il devras raquer 103 euros sinon tu sors ! <br/>=0D
    </p>=0D
    <p>=0D
      Pour acc=C3=A9der =C3=A0 ton espace client, connecte-toi via : http=
s://nico-events-project-mardi.herokuapp.com/.=0D
    </p>=0D
    <p> =C3=80 tr=C3=A8s vite sur nico-events-project-mardi !=0D
  </body>=0D
</html>=0D
  </body>=0D
</html>=0D

----==_mimepart_62835999a235_42d6ebdc76846--

  [1m[35m (5.7ms)[0m  [1m[35mCOMMIT[0m
  ↳ db/seeds.rb:27
  [1m[36mUser Load (0.2ms)[0m  [1m[34mSELECT "users".* FROM "users"[0m
  ↳ db/seeds.rb:27
  [1m[35m (0.1ms)[0m  [1m[35mBEGIN[0m
  ↳ db/seeds.rb:27
  [1m[36mAttendance Create (0.2ms)[0m  [1m[32mINSERT INTO "attendances" ("attendee_id", "event_id", "created_at", "updated_at") VALUES ($1, $2, $3, $4) RETURNING "id"[0m  [["attendee_id", 1], ["event_id", 4], ["created_at", "2022-05-17 08:15:21.087870"], ["updated_at", "2022-05-17 08:15:21.087870"]]
  ↳ db/seeds.rb:27
  [1m[36mUser Load (0.3ms)[0m  [1m[34mSELECT  "users".* FROM "users" WHERE "users"."id" = $1 LIMIT $2[0m  [["id", 5], ["LIMIT", 1]]
  ↳ app/mailers/user_mailer.rb:19
  Rendering user_mailer/admin_attend_email.html.erb within layouts/mailer
  Rendered user_mailer/admin_attend_email.html.erb within layouts/mailer (0.1ms)
  Rendering user_mailer/admin_attend_email.text.erb within layouts/mailer
  Rendered user_mailer/admin_attend_email.text.erb within layouts/mailer (0.0ms)
UserMailer#admin_attend_email: processed outbound mail in 7.9ms
Sent mail to nico-events-project4@yopmail.com (48.2ms)
Date: Tue, 17 May 2022 10:15:21 +0200
From: n.cubilier@gmail.com
To: nico-events-project4@yopmail.com
Message-ID: <6283599917e84_42d6ebdc77188@kubitus-PCmaison.mail>
Subject: =?UTF-8?Q?Un_nouveau_participant_=C3=A0_ton_event_!?=
Mime-Version: 1.0
Content-Type: multipart/alternative;
 boundary="--==_mimepart_62835999174d2_42d6ebdc77036";
 charset=UTF-8
Content-Transfer-Encoding: 7bit


----==_mimepart_62835999174d2_42d6ebdc77036
Content-Type: text/plain;
 charset=UTF-8
Content-Transfer-Encoding: 7bit


----==_mimepart_62835999174d2_42d6ebdc77036
Content-Type: text/html;
 charset=UTF-8
Content-Transfer-Encoding: quoted-printable

<!DOCTYPE html>=0D
<html>=0D
  <head>=0D
    <meta http-equiv=3D"Content-Type" content=3D"text/html; charset=3Dutf=
-8" />=0D
    <style>=0D
      /* Email styles need to be inline */=0D
    </style>=0D
  </head>=0D
=0D
  <body>=0D
    <!DOCTYPE html>=0D
<html>=0D
  <head>=0D
    <meta content=3D'text/html; charset=3DUTF-8' http-equiv=3D'Content-Ty=
pe' />=0D
  </head>=0D
  <body>=0D
    <h1>Salut Virgil !</h1>=0D
    <p>=0D
      Nous te prevenons que Luetta Pollich vient de s'inscrire =C3=A0 ton=
 =C3=A9v=C3=A8nement Skydiving. <br/>=0D
      =0D
      Voici quelques infos sur ce dernier : <br/>=0D
      <br/>=0D
      L'evenement aura lieu ici : Olsonfort <br/>=0D
      Il durera : 390 minutes <br/>=0D
      Il devras raquer 179 euros sinon tu sors ! <br/>=0D
    </p>=0D
    <p>=0D
      Pour acc=C3=A9der =C3=A0 ton espace client, connecte-toi via : http=
s://nico-events-project-mardi.herokuapp.com/.=0D
    </p>=0D
    <p> =C3=80 tr=C3=A8s vite sur nico-events-project-mardi !=0D
  </body>=0D
</html>=0D
  </body>=0D
</html>=0D

----==_mimepart_62835999174d2_42d6ebdc77036--

  [1m[35m (4.1ms)[0m  [1m[35mCOMMIT[0m
  ↳ db/seeds.rb:27
  [1m[36mUser Load (0.3ms)[0m  [1m[34mSELECT "users".* FROM "users"[0m
  ↳ db/seeds.rb:27
  [1m[35m (0.1ms)[0m  [1m[35mBEGIN[0m
  ↳ db/seeds.rb:27
  [1m[36mAttendance Create (0.3ms)[0m  [1m[32mINSERT INTO "attendances" ("attendee_id", "event_id", "created_at", "updated_at") VALUES ($1, $2, $3, $4) RETURNING "id"[0m  [["attendee_id", 4], ["event_id", 5], ["created_at", "2022-05-17 08:15:21.152478"], ["updated_at", "2022-05-17 08:15:21.152478"]]
  ↳ db/seeds.rb:27
  [1m[36mUser Load (0.5ms)[0m  [1m[34mSELECT  "users".* FROM "users" WHERE "users"."id" = $1 LIMIT $2[0m  [["id", 1], ["LIMIT", 1]]
  ↳ app/mailers/user_mailer.rb:19
  Rendering user_mailer/admin_attend_email.html.erb within layouts/mailer
  Rendered user_mailer/admin_attend_email.html.erb within layouts/mailer (0.2ms)
  Rendering user_mailer/admin_attend_email.text.erb within layouts/mailer
  Rendered user_mailer/admin_attend_email.text.erb within layouts/mailer (0.0ms)
UserMailer#admin_attend_email: processed outbound mail in 7.2ms
Sent mail to nico-events-project@yopmail.com (25.6ms)
Date: Tue, 17 May 2022 10:15:21 +0200
From: n.cubilier@gmail.com
To: nico-events-project@yopmail.com
Message-ID: <628359992791b_42d6ebdc773db@kubitus-PCmaison.mail>
Subject: =?UTF-8?Q?Un_nouveau_participant_=C3=A0_ton_event_!?=
Mime-Version: 1.0
Content-Type: multipart/alternative;
 boundary="--==_mimepart_6283599926efe_42d6ebdc7728d";
 charset=UTF-8
Content-Transfer-Encoding: 7bit


----==_mimepart_6283599926efe_42d6ebdc7728d
Content-Type: text/plain;
 charset=UTF-8
Content-Transfer-Encoding: 7bit


----==_mimepart_6283599926efe_42d6ebdc7728d
Content-Type: text/html;
 charset=UTF-8
Content-Transfer-Encoding: quoted-printable

<!DOCTYPE html>=0D
<html>=0D
  <head>=0D
    <meta http-equiv=3D"Content-Type" content=3D"text/html; charset=3Dutf=
-8" />=0D
    <style>=0D
      /* Email styles need to be inline */=0D
    </style>=0D
  </head>=0D
=0D
  <body>=0D
    <!DOCTYPE html>=0D
<html>=0D
  <head>=0D
    <meta content=3D'text/html; charset=3DUTF-8' http-equiv=3D'Content-Ty=
pe' />=0D
  </head>=0D
  <body>=0D
    <h1>Salut Luetta !</h1>=0D
    <p>=0D
      Nous te prevenons que Jessenia Beatty vient de s'inscrire =C3=A0 to=
n =C3=A9v=C3=A8nement Calligraphy. <br/>=0D
      =0D
      Voici quelques infos sur ce dernier : <br/>=0D
      <br/>=0D
      L'evenement aura lieu ici : West Dee <br/>=0D
      Il durera : 210 minutes <br/>=0D
      Il devras raquer 187 euros sinon tu sors ! <br/>=0D
    </p>=0D
    <p>=0D
      Pour acc=C3=A9der =C3=A0 ton espace client, connecte-toi via : http=
s://nico-events-project-mardi.herokuapp.com/.=0D
    </p>=0D
    <p> =C3=80 tr=C3=A8s vite sur nico-events-project-mardi !=0D
  </body>=0D
</html>=0D
  </body>=0D
</html>=0D

----==_mimepart_6283599926efe_42d6ebdc7728d--

  [1m[35m (0.9ms)[0m  [1m[35mCOMMIT[0m
  ↳ db/seeds.rb:27
